<?xml version="1.0" encoding="UTF-8"?>
<!-- Generated by org.testng.reporters.JUnitReportReporter -->
<testsuite hostname="Dinesh-MSI" failures="0" tests="3" name="com.policybazzar.Main" time="36.922" errors="0" timestamp="2022-01-19T17:46:55 IST" skipped="0">
  <testcase classname="com.policybazzar.Main" name="travel_insurance" time="24.467"/>
  <system-out/>
  <testcase classname="com.policybazzar.Main" name="car_insurance" time="10.280"/>
  <system-out/>
  <testcase classname="com.policybazzar.Main" name="health_insurance" time="2.175"/>
  <system-out/>
</testsuite> <!-- com.policybazzar.Main -->
