<?xml version="1.0" encoding="UTF-8"?>
<!-- Generated by org.testng.reporters.JUnitReportReporter -->
<testsuite hostname="Dinesh-MSI" failures="0" tests="3" name="com.policybazzar.Main" time="31.909" errors="0" timestamp="2022-01-19T16:01:38 IST" skipped="0">
  <testcase classname="com.policybazzar.Main" name="travel_insurance" time="19.321"/>
  <system-out/>
  <testcase classname="com.policybazzar.Main" name="car_insurance" time="10.497"/>
  <system-out/>
  <testcase classname="com.policybazzar.Main" name="health_insurance" time="2.091"/>
  <system-out/>
</testsuite> <!-- com.policybazzar.Main -->
